<?xml version="1.0" encoding="UTF-8"?>
<testng-results skipped="0" failed="0" total="1" passed="1">
  <reporter-output>
  </reporter-output>
  <suite name="Default suite" duration-ms="51260" started-at="2019-03-19T15:35:25Z" finished-at="2019-03-19T15:36:17Z">
    <groups>
    </groups>
    <test name="Default test" duration-ms="51260" started-at="2019-03-19T15:35:25Z" finished-at="2019-03-19T15:36:17Z">
      <class name="AmazonTestID.AgileCockpit.AppleWatch">
        <test-method status="PASS" signature="setupApplication()[pri:0, instance:AmazonTestID.AgileCockpit.AppleWatch@482f8f11]" name="setupApplication" is-config="true" duration-ms="45243" started-at="2019-03-19T21:05:25Z" finished-at="2019-03-19T21:06:11Z">
          <reporter-output>
          </reporter-output>
        </test-method> <!-- setupApplication -->
        <test-method status="PASS" signature="execution()[pri:0, instance:AmazonTestID.AgileCockpit.AppleWatch@482f8f11]" name="execution" duration-ms="4818" started-at="2019-03-19T21:06:11Z" finished-at="2019-03-19T21:06:15Z">
          <reporter-output>
          </reporter-output>
        </test-method> <!-- execution -->
        <test-method status="PASS" signature="closeApplication()[pri:0, instance:AmazonTestID.AgileCockpit.AppleWatch@482f8f11]" name="closeApplication" is-config="true" duration-ms="1183" started-at="2019-03-19T21:06:15Z" finished-at="2019-03-19T21:06:17Z">
          <reporter-output>
          </reporter-output>
        </test-method> <!-- closeApplication -->
      </class> <!-- AmazonTestID.AgileCockpit.AppleWatch -->
    </test> <!-- Default test -->
  </suite> <!-- Default suite -->
</testng-results>
